<?xml version="1.0" encoding="UTF-8"?>
<!-- Generated by org.testng.reporters.JUnitReportReporter -->
<testsuite hostname="DESKTOP-QS0K018" failures="0" tests="10" name="TestNG.invocationcountkeyword" time="0.031" errors="0" timestamp="2023-11-02T10:52:38 IST" skipped="0">
  <testcase classname="TestNG.invocationcountkeyword" name="a" time="0.001">
    <system-out>
      <![CDATA[running tc ]]>
    </system-out>
  </testcase> <!-- a -->
  <testcase classname="TestNG.invocationcountkeyword" name="a" time="0.003">
    <system-out>
      <![CDATA[running tc ]]>
    </system-out>
  </testcase> <!-- a -->
  <testcase classname="TestNG.invocationcountkeyword" name="a" time="0.002">
    <system-out>
      <![CDATA[running tc ]]>
    </system-out>
  </testcase> <!-- a -->
  <testcase classname="TestNG.invocationcountkeyword" name="a" time="0.003">
    <system-out>
      <![CDATA[running tc ]]>
    </system-out>
  </testcase> <!-- a -->
  <testcase classname="TestNG.invocationcountkeyword" name="a" time="0.004">
    <system-out>
      <![CDATA[running tc ]]>
    </system-out>
  </testcase> <!-- a -->
  <testcase classname="TestNG.invocationcountkeyword" name="a" time="0.002">
    <system-out>
      <![CDATA[running tc ]]>
    </system-out>
  </testcase> <!-- a -->
  <testcase classname="TestNG.invocationcountkeyword" name="a" time="0.005">
    <system-out>
      <![CDATA[running tc ]]>
    </system-out>
  </testcase> <!-- a -->
  <testcase classname="TestNG.invocationcountkeyword" name="a" time="0.002">
    <system-out>
      <![CDATA[running tc ]]>
    </system-out>
  </testcase> <!-- a -->
  <testcase classname="TestNG.invocationcountkeyword" name="a" time="0.006">
    <system-out>
      <![CDATA[running tc ]]>
    </system-out>
  </testcase> <!-- a -->
  <testcase classname="TestNG.invocationcountkeyword" name="a" time="0.003">
    <system-out>
      <![CDATA[running tc ]]>
    </system-out>
  </testcase> <!-- a -->
  <system-out>
    <![CDATA[Hiii I am TestNG
Hiii I am TestNG
Hiii I am TestNG
Hiii I am TestNG
Hiii I am TestNG
Hiii I am TestNG
Hiii I am TestNG
Hiii I am TestNG
Hiii I am TestNG
Hiii I am TestNG
running testcase 2
running testcase 1
runnig testcase 3
running tc 
running tc 
running tc 
running tc 
running tc 
running tc 
running tc 
running tc 
running tc 
running tc ]]>
  </system-out>
</testsuite> <!-- TestNG.invocationcountkeyword -->
