<?xml version="1.0" encoding="UTF-8"?>
<!-- Generated by org.testng.reporters.JUnitReportReporter -->
<testsuite hostname="DESKTOP-QS0K018" failures="0" tests="2" name="TestNG.enablekeyword" time="0.022" errors="0" timestamp="2023-11-01T11:25:28 IST" skipped="1">
  <testcase classname="TestNG.enablekeyword" name="result" time="0.022">
    <system-out>
      <![CDATA[this is printable log]]>
    </system-out>
  </testcase> <!-- result -->
  <testcase classname="TestNG.enablekeyword" name="enable">
    <skipped/>
  </testcase> <!-- enable -->
  <system-out>
    <![CDATA[this is printable log]]>
  </system-out>
</testsuite> <!-- TestNG.enablekeyword -->
