<?xml version="1.0" encoding="UTF-8"?>
<!-- Generated by org.testng.reporters.JUnitReportReporter -->
<testsuite hostname="DESKTOP-QS0K018" failures="0" tests="1" name="TestNG.timeoutkeyword" time="0.029" errors="0" timestamp="2023-11-01T12:42:43 IST" skipped="0">
  <testcase classname="TestNG.timeoutkeyword" name="tout" time="0.029">
    <system-out>
      <![CDATA[after completing timeout]]>
    </system-out>
  </testcase> <!-- tout -->
  <system-out>
    <![CDATA[after completing timeout]]>
  </system-out>
</testsuite> <!-- TestNG.timeoutkeyword -->
