<?xml version="1.0" encoding="UTF-8"?>
<!-- Generated by org.testng.reporters.JUnitReportReporter -->
<testsuite hostname="DESKTOP-QS0K018" failures="0" tests="2" name="TestNG.dependsonmethodkeyword" time="0.027" errors="0" timestamp="2023-11-01T12:37:43 IST" skipped="0">
  <testcase classname="TestNG.dependsonmethodkeyword" name="logout" time="0.004">
    <system-out>
      <![CDATA[running logout]]>
    </system-out>
  </testcase> <!-- logout -->
  <testcase classname="TestNG.dependsonmethodkeyword" name="login" time="0.023">
    <system-out>
      <![CDATA[running login]]>
    </system-out>
  </testcase> <!-- login -->
  <system-out>
    <![CDATA[running login
running logout]]>
  </system-out>
</testsuite> <!-- TestNG.dependsonmethodkeyword -->
