<?xml version="1.0" encoding="UTF-8"?>
<!-- Generated by org.testng.reporters.JUnitReportReporter -->
<testsuite hostname="DESKTOP-QS0K018" failures="0" tests="11" name="TestNG.sample" time="0.064" errors="0" timestamp="2023-11-02T10:56:40 IST" skipped="0">
  <testcase classname="TestNG.sample" name="m2" time="0.003">
    <system-out>
      <![CDATA[Hiii I am TestNG]]>
    </system-out>
  </testcase> <!-- m2 -->
  <testcase classname="TestNG.sample" name="m2" time="0.021">
    <system-out>
      <![CDATA[Hiii I am TestNG]]>
    </system-out>
  </testcase> <!-- m2 -->
  <testcase classname="TestNG.sample" name="m2" time="0.003">
    <system-out>
      <![CDATA[Hiii I am TestNG]]>
    </system-out>
  </testcase> <!-- m2 -->
  <testcase classname="TestNG.sample" name="m2" time="0.003">
    <system-out>
      <![CDATA[Hiii I am TestNG]]>
    </system-out>
  </testcase> <!-- m2 -->
  <testcase classname="TestNG.sample" name="m2" time="0.004">
    <system-out>
      <![CDATA[Hiii I am TestNG]]>
    </system-out>
  </testcase> <!-- m2 -->
  <testcase classname="TestNG.sample" name="m2" time="0.004">
    <system-out>
      <![CDATA[Hiii I am TestNG]]>
    </system-out>
  </testcase> <!-- m2 -->
  <testcase classname="TestNG.sample" name="m2" time="0.005">
    <system-out>
      <![CDATA[Hiii I am TestNG]]>
    </system-out>
  </testcase> <!-- m2 -->
  <testcase classname="TestNG.sample" name="m2" time="0.010">
    <system-out>
      <![CDATA[Hiii I am TestNG]]>
    </system-out>
  </testcase> <!-- m2 -->
  <testcase classname="TestNG.sample" name="m2" time="0.003">
    <system-out>
      <![CDATA[Hiii I am TestNG]]>
    </system-out>
  </testcase> <!-- m2 -->
  <testcase classname="TestNG.sample" name="m2" time="0.003">
    <system-out>
      <![CDATA[Hiii I am TestNG]]>
    </system-out>
  </testcase> <!-- m2 -->
  <testcase classname="TestNG.sample" name="m1" time="0.005"/>
  <system-out>
    <![CDATA[Hiii I am TestNG
Hiii I am TestNG
Hiii I am TestNG
Hiii I am TestNG
Hiii I am TestNG
Hiii I am TestNG
Hiii I am TestNG
Hiii I am TestNG
Hiii I am TestNG
Hiii I am TestNG]]>
  </system-out>
</testsuite> <!-- TestNG.sample -->
