<?xml version="1.0" encoding="UTF-8"?>
<!-- Generated by org.testng.reporters.JUnitReportReporter -->
<testsuite hostname="DESKTOP-QS0K018" failures="0" tests="3" name="TestNG.priorityclass" time="0.010" errors="0" timestamp="2023-11-02T10:52:38 IST" skipped="0">
  <testcase classname="TestNG.priorityclass" name="b" time="0.004">
    <system-out>
      <![CDATA[running testcase 2]]>
    </system-out>
  </testcase> <!-- b -->
  <testcase classname="TestNG.priorityclass" name="a" time="0.002">
    <system-out>
      <![CDATA[running testcase 1]]>
    </system-out>
  </testcase> <!-- a -->
  <testcase classname="TestNG.priorityclass" name="c" time="0.004">
    <system-out>
      <![CDATA[runnig testcase 3]]>
    </system-out>
  </testcase> <!-- c -->
  <system-out>
    <![CDATA[Hiii I am TestNG
Hiii I am TestNG
Hiii I am TestNG
Hiii I am TestNG
Hiii I am TestNG
Hiii I am TestNG
Hiii I am TestNG
Hiii I am TestNG
Hiii I am TestNG
Hiii I am TestNG
running testcase 2
running testcase 1
runnig testcase 3
running tc 
running tc 
running tc 
running tc 
running tc 
running tc 
running tc 
running tc 
running tc 
running tc ]]>
  </system-out>
</testsuite> <!-- TestNG.priorityclass -->
